android/app/build/intermediates/manifest_merge_blame_file/debug/manifest-merger-blame-debug-report.txt
1<?xml version="1.0" encoding="utf-8"?>
2<manifest xmlns:android="http://schemas.android.com/apk/res/android"
3    package="com.myapp"
4    android:versionCode="1"
5    android:versionName="1.0" >
6
7    <uses-sdk
8        android:minSdkVersion="21"
9        android:targetSdkVersion="33" />
10
11    <uses-permission android:name="android.permission.SYSTEM_ALERT_WINDOW" />
11-->src\debug\AndroidManifest.xml:5:5-77
11-->src\debug\AndroidManifest.xml:5:22-75
12    <uses-permission android:name="android.permission.INTERNET" />
12-->src\main\AndroidManifest.xml:3:5-67
12-->src\main\AndroidManifest.xml:3:22-64
13    <uses-permission android:name="android.permission.ACCESS_WIFI_STATE" />
13-->[com.facebook.flipper:flipper:0.125.0] AndroidManifest.xml:16:5-76
13-->[com.facebook.flipper:flipper:0.125.0] AndroidManifest.xml:16:22-73
14
15    <application
15-->src\main\AndroidManifest.xml:5:5-23:19
16        android:name="com.myapp.MainApplication"
16-->src\main\AndroidManifest.xml:6:7-38
17        android:allowBackup="false"
17-->src\main\AndroidManifest.xml:9:7-34
18        android:appComponentFactory="androidx.core.app.CoreComponentFactory"
18-->[androidx.core:core:1.7.0] AndroidManifest.xml:24:18-86
19        android:debuggable="true"
20        android:icon="@mipmap/rain"
20-->src\main\AndroidManifest.xml:8:7-34
21        android:label="@string/app_name"
21-->src\main\AndroidManifest.xml:7:7-39
22        android:theme="@style/AppTheme"
22-->src\main\AndroidManifest.xml:10:7-38
23        android:usesCleartextTraffic="true" >
23-->src\debug\AndroidManifest.xml:8:9-44
24        <activity
24-->src\debug\AndroidManifest.xml:11:9-111
25            android:name="com.facebook.react.devsupport.DevSettingsActivity"
25-->src\debug\AndroidManifest.xml:11:19-83
26            android:exported="false" />
26-->src\debug\AndroidManifest.xml:11:84-108
27        <activity
27-->src\main\AndroidManifest.xml:11:7-22:18
28            android:name="com.myapp.MainActivity"
28-->src\main\AndroidManifest.xml:12:9-37
29            android:configChanges="keyboard|keyboardHidden|orientation|screenLayout|screenSize|smallestScreenSize|uiMode"
29-->src\main\AndroidManifest.xml:14:9-118
30            android:exported="true"
30-->src\main\AndroidManifest.xml:17:9-32
31            android:label="@string/app_name"
31-->src\main\AndroidManifest.xml:13:9-41
32            android:launchMode="singleTask"
32-->src\main\AndroidManifest.xml:15:9-40
33            android:windowSoftInputMode="adjustResize" >
33-->src\main\AndroidManifest.xml:16:9-51
34            <intent-filter>
34-->src\main\AndroidManifest.xml:18:9-21:25
35                <action android:name="android.intent.action.MAIN" />
35-->src\main\AndroidManifest.xml:19:13-65
35-->src\main\AndroidManifest.xml:19:21-62
36
37                <category android:name="android.intent.category.LAUNCHER" />
37-->src\main\AndroidManifest.xml:20:13-73
37-->src\main\AndroidManifest.xml:20:23-70
38            </intent-filter>
39        </activity>
40
41        <provider
41-->[androidx.emoji2:emoji2:1.0.0] AndroidManifest.xml:26:9-34:20
42            android:name="androidx.startup.InitializationProvider"
42-->[androidx.emoji2:emoji2:1.0.0] AndroidManifest.xml:27:13-67
43            android:authorities="com.myapp.androidx-startup"
43-->[androidx.emoji2:emoji2:1.0.0] AndroidManifest.xml:28:13-68
44            android:exported="false" >
44-->[androidx.emoji2:emoji2:1.0.0] AndroidManifest.xml:29:13-37
45            <meta-data
45-->[androidx.emoji2:emoji2:1.0.0] AndroidManifest.xml:31:13-33:52
46                android:name="androidx.emoji2.text.EmojiCompatInitializer"
46-->[androidx.emoji2:emoji2:1.0.0] AndroidManifest.xml:32:17-75
47                android:value="androidx.startup" />
47-->[androidx.emoji2:emoji2:1.0.0] AndroidManifest.xml:33:17-49
48            <meta-data
48-->[androidx.lifecycle:lifecycle-process:2.4.0] AndroidManifest.xml:31:13-33:52
49                android:name="androidx.lifecycle.ProcessLifecycleInitializer"
49-->[androidx.lifecycle:lifecycle-process:2.4.0] AndroidManifest.xml:32:17-78
50                android:value="androidx.startup" />
50-->[androidx.lifecycle:lifecycle-process:2.4.0] AndroidManifest.xml:33:17-49
51        </provider>
52    </application>
53
54</manifest>